  Nub.cpp
D:\C(33,60): warning C4244: 'argument': conversion from 'unsigned int' to 'T', possible loss of data
D:\C(33,60): warning C4244:         with
D:\C(33,60): warning C4244:         [
D:\C(33,60): warning C4244:             T=float
D:\C(33,60): warning C4244:         ]
D:\C(33,52): warning C4244: 'argument': conversion from 'unsigned int' to 'T', possible loss of data
D:\C(33,52): warning C4244:         with
D:\C(33,52): warning C4244:         [
D:\C(33,52): warning C4244:             T=float
D:\C(33,52): warning C4244:         ]
D:\C(34,66): warning C4244: 'argument': conversion from 'unsigned int' to 'T', possible loss of data
D:\C(34,66): warning C4244:         with
D:\C(34,66): warning C4244:         [
D:\C(34,66): warning C4244:             T=float
D:\C(34,66): warning C4244:         ]
D:\C(34,58): warning C4244: 'argument': conversion from 'unsigned int' to 'T', possible loss of data
D:\C(34,58): warning C4244:         with
D:\C(34,58): warning C4244:         [
D:\C(34,58): warning C4244:             T=float
D:\C(34,58): warning C4244:         ]
D:\C(35,66): warning C4244: 'argument': conversion from 'unsigned int' to 'T', possible loss of data
D:\C(35,66): warning C4244:         with
D:\C(35,66): warning C4244:         [
D:\C(35,66): warning C4244:             T=float
D:\C(35,66): warning C4244:         ]
D:\C(35,52): warning C4244: 'argument': conversion from 'unsigned int' to 'T', possible loss of data
D:\C(35,52): warning C4244:         with
D:\C(35,52): warning C4244:         [
D:\C(35,52): warning C4244:             T=float
D:\C(35,52): warning C4244:         ]
D:\C(36,66): warning C4244: 'argument': conversion from 'unsigned int' to 'T', possible loss of data
D:\C(36,66): warning C4244:         with
D:\C(36,66): warning C4244:         [
D:\C(36,66): warning C4244:             T=float
D:\C(36,66): warning C4244:         ]
D:\C(36,52): warning C4244: 'argument': conversion from 'unsigned int' to 'T', possible loss of data
D:\C(36,52): warning C4244:         with
D:\C(36,52): warning C4244:         [
D:\C(36,52): warning C4244:             T=float
D:\C(36,52): warning C4244:         ]
D:\C(37,66): warning C4244: 'argument': conversion from 'unsigned int' to 'T', possible loss of data
D:\C(37,66): warning C4244:         with
D:\C(37,66): warning C4244:         [
D:\C(37,66): warning C4244:             T=float
D:\C(37,66): warning C4244:         ]
D:\C(37,58): warning C4244: 'argument': conversion from 'unsigned int' to 'T', possible loss of data
D:\C(37,58): warning C4244:         with
D:\C(37,58): warning C4244:         [
D:\C(37,58): warning C4244:             T=float
D:\C(37,58): warning C4244:         ]
D:\C(38,72): warning C4244: 'argument': conversion from 'unsigned int' to 'T', possible loss of data
D:\C(38,72): warning C4244:         with
D:\C(38,72): warning C4244:         [
D:\C(38,72): warning C4244:             T=float
D:\C(38,72): warning C4244:         ]
D:\C(38,58): warning C4244: 'argument': conversion from 'unsigned int' to 'T', possible loss of data
D:\C(38,58): warning C4244:         with
D:\C(38,58): warning C4244:         [
D:\C(38,58): warning C4244:             T=float
D:\C(38,58): warning C4244:         ]
  Project1.vcxproj -> D:\C#\Network\Project1\x64\Debug\Project1.exe
